02:02:32,083 (main) INFO  [uniandes.isis2304.parranderos.interfazApp.InterfazParranderosApp] - Se encontró un archivo de configuración válido: Interfaz
02:02:32,084 (main) INFO  [uniandes.isis2304.parranderos.interfazApp.InterfazParranderosApp] - Se aplica configuración indicada en el archivo de configuración
02:02:32,101 (main) INFO  [uniandes.isis2304.parranderos.interfazApp.InterfazParranderosApp] - Se encontró un archivo de configuración válido: Tablas BD
02:02:39,601 (AWT-EventQueue-0) INFO  [uniandes.isis2304.parranderos.negocio.PrincipalAlohAndes] - Adicionando reserva
02:02:39,621 (AWT-EventQueue-0) ERROR [uniandes.isis2304.parranderos.persistencia.PersistenciaAlohAndes] - Exception: null

02:03:12,679 (AWT-EventQueue-0) INFO  [uniandes.isis2304.parranderos.negocio.PrincipalAlohAndes] - Adicionando reserva
02:03:12,687 (AWT-EventQueue-0) ERROR [uniandes.isis2304.parranderos.persistencia.PersistenciaAlohAndes] - Exception: null

11:26:48,613 (main) INFO  [uniandes.isis2304.parranderos.interfazApp.InterfazParranderosApp] - Se encontró un archivo de configuración válido: Interfaz
11:26:48,718 (main) INFO  [uniandes.isis2304.parranderos.interfazApp.InterfazParranderosApp] - Se aplica configuración indicada en el archivo de configuración
11:26:48,732 (main) INFO  [uniandes.isis2304.parranderos.interfazApp.InterfazParranderosApp] - Se encontró un archivo de configuración válido: Tablas BD
11:26:59,448 (AWT-EventQueue-0) INFO  [uniandes.isis2304.parranderos.negocio.PrincipalAlohAndes] - Adicionando reserva
11:26:59,507 (AWT-EventQueue-0) ERROR [uniandes.isis2304.parranderos.persistencia.PersistenciaAlohAndes] - Exception: null

11:31:50,032 (main) INFO  [uniandes.isis2304.parranderos.interfazApp.InterfazParranderosApp] - Se encontró un archivo de configuración válido: Interfaz
11:31:50,033 (main) INFO  [uniandes.isis2304.parranderos.interfazApp.InterfazParranderosApp] - Se aplica configuración indicada en el archivo de configuración
11:31:50,050 (main) INFO  [uniandes.isis2304.parranderos.interfazApp.InterfazParranderosApp] - Se encontró un archivo de configuración válido: Tablas BD
11:32:24,184 (main) INFO  [uniandes.isis2304.parranderos.interfazApp.InterfazParranderosApp] - Se encontró un archivo de configuración válido: Interfaz
11:32:24,185 (main) INFO  [uniandes.isis2304.parranderos.interfazApp.InterfazParranderosApp] - Se aplica configuración indicada en el archivo de configuración
11:32:24,204 (main) INFO  [uniandes.isis2304.parranderos.interfazApp.InterfazParranderosApp] - Se encontró un archivo de configuración válido: Tablas BD
11:34:12,559 (main) INFO  [uniandes.isis2304.parranderos.interfazApp.InterfazParranderosApp] - Se encontró un archivo de configuración válido: Interfaz
11:34:12,560 (main) INFO  [uniandes.isis2304.parranderos.interfazApp.InterfazParranderosApp] - Se aplica configuración indicada en el archivo de configuración
11:34:12,580 (main) INFO  [uniandes.isis2304.parranderos.interfazApp.InterfazParranderosApp] - Se encontró un archivo de configuración válido: Tablas BD
11:34:58,350 (AWT-EventQueue-0) INFO  [uniandes.isis2304.parranderos.negocio.PrincipalAlohAndes] - Adicionando reserva
11:35:00,321 (AWT-EventQueue-0) ERROR [uniandes.isis2304.parranderos.persistencia.PersistenciaAlohAndes] - Exception: null

11:35:10,611 (main) INFO  [uniandes.isis2304.parranderos.interfazApp.InterfazParranderosApp] - Se encontró un archivo de configuración válido: Interfaz
11:35:10,612 (main) INFO  [uniandes.isis2304.parranderos.interfazApp.InterfazParranderosApp] - Se aplica configuración indicada en el archivo de configuración
11:35:10,633 (main) INFO  [uniandes.isis2304.parranderos.interfazApp.InterfazParranderosApp] - Se encontró un archivo de configuración válido: Tablas BD
11:36:10,873 (AWT-EventQueue-0) INFO  [uniandes.isis2304.parranderos.negocio.PrincipalAlohAndes] - Adicionando reserva
11:38:54,081 (AWT-EventQueue-0) ERROR [uniandes.isis2304.parranderos.persistencia.PersistenciaAlohAndes] - Exception: null

11:41:02,390 (main) INFO  [uniandes.isis2304.parranderos.interfazApp.InterfazParranderosApp] - Se encontró un archivo de configuración válido: Interfaz
11:41:02,391 (main) INFO  [uniandes.isis2304.parranderos.interfazApp.InterfazParranderosApp] - Se aplica configuración indicada en el archivo de configuración
11:41:02,403 (main) INFO  [uniandes.isis2304.parranderos.interfazApp.InterfazParranderosApp] - Se encontró un archivo de configuración válido: Tablas BD
11:41:16,352 (AWT-EventQueue-0) INFO  [uniandes.isis2304.parranderos.negocio.PrincipalAlohAndes] - Adicionando reserva
11:41:16,590 (AWT-EventQueue-0) ERROR [uniandes.isis2304.parranderos.persistencia.PersistenciaAlohAndes] - Exception: Error executing SQL query "SELECT Alohandes_sequence.nextval FROM DUAL".
ORA-02289: sequence does not exist

11:55:49,528 (main) INFO  [uniandes.isis2304.parranderos.interfazApp.InterfazParranderosApp] - Se encontró un archivo de configuración válido: Interfaz
11:55:49,547 (main) INFO  [uniandes.isis2304.parranderos.interfazApp.InterfazParranderosApp] - Se aplica configuración indicada en el archivo de configuración
11:55:49,572 (main) INFO  [uniandes.isis2304.parranderos.interfazApp.InterfazParranderosApp] - Se encontró un archivo de configuración válido: Tablas BD
11:56:22,114 (main) INFO  [uniandes.isis2304.parranderos.interfazApp.InterfazParranderosApp] - Se encontró un archivo de configuración válido: Interfaz
11:56:22,115 (main) INFO  [uniandes.isis2304.parranderos.interfazApp.InterfazParranderosApp] - Se aplica configuración indicada en el archivo de configuración
11:56:22,129 (main) INFO  [uniandes.isis2304.parranderos.interfazApp.InterfazParranderosApp] - Se encontró un archivo de configuración válido: Tablas BD
11:59:01,916 (main) INFO  [uniandes.isis2304.parranderos.interfazApp.InterfazParranderosApp] - Se encontró un archivo de configuración válido: Interfaz
11:59:01,918 (main) INFO  [uniandes.isis2304.parranderos.interfazApp.InterfazParranderosApp] - Se aplica configuración indicada en el archivo de configuración
11:59:01,945 (main) INFO  [uniandes.isis2304.parranderos.interfazApp.InterfazParranderosApp] - Se encontró un archivo de configuración válido: Tablas BD
11:59:29,349 (AWT-EventQueue-0) INFO  [uniandes.isis2304.parranderos.negocio.PrincipalAlohAndes] - Adicionando reserva
12:02:38,291 (main) INFO  [uniandes.isis2304.parranderos.interfazApp.InterfazParranderosApp] - Se encontró un archivo de configuración válido: Interfaz
12:02:38,292 (main) INFO  [uniandes.isis2304.parranderos.interfazApp.InterfazParranderosApp] - Se aplica configuración indicada en el archivo de configuración
12:02:38,310 (main) INFO  [uniandes.isis2304.parranderos.interfazApp.InterfazParranderosApp] - Se encontró un archivo de configuración válido: Tablas BD
12:02:46,286 (AWT-EventQueue-0) INFO  [uniandes.isis2304.parranderos.negocio.PrincipalAlohAndes] - Adicionando reserva
12:02:46,600 (AWT-EventQueue-0) ERROR [uniandes.isis2304.parranderos.persistencia.PersistenciaAlohAndes] - Exception: Error executing SQL query "SELECT Alohandes_sequence.nextval FROM DUAL".
ORA-02289: sequence does not exist

12:03:02,413 (main) INFO  [uniandes.isis2304.parranderos.interfazApp.InterfazParranderosApp] - Se encontró un archivo de configuración válido: Interfaz
12:03:02,414 (main) INFO  [uniandes.isis2304.parranderos.interfazApp.InterfazParranderosApp] - Se aplica configuración indicada en el archivo de configuración
12:03:02,431 (main) INFO  [uniandes.isis2304.parranderos.interfazApp.InterfazParranderosApp] - Se encontró un archivo de configuración válido: Tablas BD
12:03:09,962 (AWT-EventQueue-0) INFO  [uniandes.isis2304.parranderos.negocio.PrincipalAlohAndes] - Adicionando reserva
12:03:10,259 (AWT-EventQueue-0) ERROR [uniandes.isis2304.parranderos.persistencia.PersistenciaAlohAndes] - Exception: Error executing SQL query "SELECT Alohandes_sequence.nextval FROM DUAL".
ORA-02289: sequence does not exist

12:03:21,941 (main) INFO  [uniandes.isis2304.parranderos.interfazApp.InterfazParranderosApp] - Se encontró un archivo de configuración válido: Interfaz
12:03:21,942 (main) INFO  [uniandes.isis2304.parranderos.interfazApp.InterfazParranderosApp] - Se aplica configuración indicada en el archivo de configuración
12:03:21,962 (main) INFO  [uniandes.isis2304.parranderos.interfazApp.InterfazParranderosApp] - Se encontró un archivo de configuración válido: Tablas BD
12:03:31,799 (AWT-EventQueue-0) INFO  [uniandes.isis2304.parranderos.negocio.PrincipalAlohAndes] - Adicionando reserva
12:03:32,299 (AWT-EventQueue-0) ERROR [uniandes.isis2304.parranderos.persistencia.PersistenciaAlohAndes] - Exception: Error executing SQL query "SELECT Alohandes_sequence.nextval FROM DUAL".
ORA-02289: sequence does not exist

12:03:47,211 (main) INFO  [uniandes.isis2304.parranderos.interfazApp.InterfazParranderosApp] - Se encontró un archivo de configuración válido: Interfaz
12:03:47,212 (main) INFO  [uniandes.isis2304.parranderos.interfazApp.InterfazParranderosApp] - Se aplica configuración indicada en el archivo de configuración
12:03:47,230 (main) INFO  [uniandes.isis2304.parranderos.interfazApp.InterfazParranderosApp] - Se encontró un archivo de configuración válido: Tablas BD
12:04:14,320 (AWT-EventQueue-0) INFO  [uniandes.isis2304.parranderos.negocio.PrincipalAlohAndes] - Adicionando reserva
12:09:43,168 (AWT-EventQueue-0) ERROR [uniandes.isis2304.parranderos.persistencia.PersistenciaAlohAndes] - Exception: Error executing SQL query "SELECT Alohandes_sequence.nextval FROM DUAL".
ORA-02289: sequence does not exist

12:10:52,132 (main) INFO  [uniandes.isis2304.parranderos.interfazApp.InterfazParranderosApp] - Se encontró un archivo de configuración válido: Interfaz
12:10:52,133 (main) INFO  [uniandes.isis2304.parranderos.interfazApp.InterfazParranderosApp] - Se aplica configuración indicada en el archivo de configuración
12:10:52,156 (main) INFO  [uniandes.isis2304.parranderos.interfazApp.InterfazParranderosApp] - Se encontró un archivo de configuración válido: Tablas BD
12:11:16,747 (AWT-EventQueue-0) INFO  [uniandes.isis2304.parranderos.negocio.PrincipalAlohAndes] - Adicionando reserva
12:21:55,705 (main) INFO  [uniandes.isis2304.parranderos.interfazApp.InterfazParranderosApp] - Se encontró un archivo de configuración válido: Interfaz
12:21:55,722 (main) INFO  [uniandes.isis2304.parranderos.interfazApp.InterfazParranderosApp] - Se aplica configuración indicada en el archivo de configuración
12:21:55,742 (main) INFO  [uniandes.isis2304.parranderos.interfazApp.InterfazParranderosApp] - Se encontró un archivo de configuración válido: Tablas BD
12:29:21,560 (AWT-EventQueue-0) INFO  [uniandes.isis2304.parranderos.negocio.PrincipalAlohAndes] - Adicionando reserva
12:29:22,784 (AWT-EventQueue-0) INFO  [uniandes.isis2304.parranderos.negocio.PrincipalAlohAndes] - Adicionada reserva id 21
12:34:31,717 (AWT-EventQueue-0) INFO  [uniandes.isis2304.parranderos.negocio.PrincipalAlohAndes] - Adicionando reserva
12:34:31,991 (AWT-EventQueue-0) INFO  [uniandes.isis2304.parranderos.negocio.PrincipalAlohAndes] - Adicionada reserva id 22
12:46:57,451 (main) INFO  [uniandes.isis2304.parranderos.interfazApp.InterfazParranderosApp] - Se encontró un archivo de configuración válido: Interfaz
12:46:57,465 (main) INFO  [uniandes.isis2304.parranderos.interfazApp.InterfazParranderosApp] - Se aplica configuración indicada en el archivo de configuración
12:46:57,495 (main) INFO  [uniandes.isis2304.parranderos.interfazApp.InterfazParranderosApp] - Se encontró un archivo de configuración válido: Tablas BD
12:47:26,336 (AWT-EventQueue-0) INFO  [uniandes.isis2304.parranderos.negocio.PrincipalAlohAndes] - Adicionando reserva
12:47:26,878 (AWT-EventQueue-0) INFO  [uniandes.isis2304.parranderos.negocio.PrincipalAlohAndes] - Adicionada reserva id 23
13:08:23,572 (main) INFO  [uniandes.isis2304.parranderos.interfazApp.InterfazParranderosApp] - Se encontró un archivo de configuración válido: Interfaz
13:08:23,655 (main) INFO  [uniandes.isis2304.parranderos.interfazApp.InterfazParranderosApp] - Se aplica configuración indicada en el archivo de configuración
13:08:23,788 (main) INFO  [uniandes.isis2304.parranderos.interfazApp.InterfazParranderosApp] - Se encontró un archivo de configuración válido: Tablas BD
13:09:07,163 (AWT-EventQueue-0) INFO  [uniandes.isis2304.parranderos.negocio.PrincipalAlohAndes] - Adicionando reserva
13:09:09,019 (AWT-EventQueue-0) INFO  [uniandes.isis2304.parranderos.negocio.PrincipalAlohAndes] - Adicionada reserva id 24
